[05-Feb-2016 14:55:44]  > Could not prepare : You have an error in your SQL syntax; check the manual that corresponds to your MySQL server version for the right syntax to use near '' at line 11 < SELECT s.id, s.lft, s.rgt, s.lvl, s.pid, s.url, s.empower, d.nm FROM dh_menu_data s, dh_menu d WHERE s.id = d.id AND s.pid = 0 ORDER BY s. >
[11-Feb-2016 16:32:52]  > Could not execute query : Column 'url' cannot be null <INSERT INTO dh_menu_data (id,lft,rgt,lvl,pid,url,empower,pos) VALUES (NULL,9,10,2,'1085',NULL,NULL,0)>
[11-Feb-2016 16:32:59]  > Could not execute query : Column 'url' cannot be null <INSERT INTO dh_menu_data (id,lft,rgt,lvl,pid,url,empower,pos) VALUES (NULL,9,10,2,'1085',NULL,NULL,0)>
[11-Feb-2016 16:33:05]  > Could not execute query : Column 'url' cannot be null <INSERT INTO dh_menu_data (id,lft,rgt,lvl,pid,url,empower,pos) VALUES (NULL,17,18,2,'1097',NULL,NULL,3)>
[11-Feb-2016 16:33:31]  > Could not execute query : Column 'url' cannot be null <INSERT INTO dh_menu_data (id,lft,rgt,lvl,pid,url,empower,pos) VALUES (NULL,9,10,2,'1085',NULL,NULL,0)>
[11-Feb-2016 16:34:02]  > Could not execute query : Column 'url' cannot be null <INSERT INTO dh_menu_data (id,lft,rgt,lvl,pid,url,empower,pos) VALUES (NULL,9,10,2,'1085',NULL,NULL,0)>
[11-Feb-2016 16:34:04]  > Could not execute query : Column 'url' cannot be null <INSERT INTO dh_menu_data (id,lft,rgt,lvl,pid,url,empower,pos) VALUES (NULL,17,18,2,'1097',NULL,NULL,3)>
[11-Feb-2016 16:34:06]  > Could not execute query : Column 'url' cannot be null <INSERT INTO dh_menu_data (id,lft,rgt,lvl,pid,url,empower,pos) VALUES (NULL,12,13,3,'1098',NULL,NULL,0)>
[11-Feb-2016 16:34:08]  > Could not execute query : Column 'url' cannot be null <INSERT INTO dh_menu_data (id,lft,rgt,lvl,pid,url,empower,pos) VALUES (NULL,14,15,3,'1099',NULL,NULL,0)>
[11-Feb-2016 16:34:12]  > Could not execute query : Column 'url' cannot be null <INSERT INTO dh_menu_data (id,lft,rgt,lvl,pid,url,empower,pos) VALUES (NULL,5,6,2,'1063',NULL,NULL,1)>
[11-Feb-2016 16:36:29]  > Could not execute query : Column 'url' cannot be null <INSERT INTO dh_menu_data (id,lft,rgt,lvl,pid,url,empower,pos) VALUES (NULL,14,15,3,'1099',NULL,NULL,0)>
[11-Feb-2016 16:36:43]  > Could not execute query : Column 'url' cannot be null <INSERT INTO dh_menu_data (id,lft,rgt,lvl,pid,url,empower,pos) VALUES (NULL,18,19,1,'1',NULL,NULL,4)>
[11-Feb-2016 16:36:46]  > Could not execute query : Column 'url' cannot be null <INSERT INTO dh_menu_data (id,lft,rgt,lvl,pid,url,empower,pos) VALUES (NULL,4,5,3,'1094',NULL,NULL,0)>
[11-Feb-2016 16:38:22]  > Could not execute query : Column 'url' cannot be null <INSERT INTO dh_menu_data (id,lft,rgt,lvl,pid,url,empower,pos) VALUES (NULL,18,19,1,'1',NULL,NULL,4)>
[11-Feb-2016 16:38:25]  > Could not execute query : Column 'url' cannot be null <INSERT INTO dh_menu_data (id,lft,rgt,lvl,pid,url,empower,pos) VALUES (NULL,17,18,2,'1097',NULL,NULL,3)>
[11-Feb-2016 16:38:26]  > Could not execute query : Column 'url' cannot be null <INSERT INTO dh_menu_data (id,lft,rgt,lvl,pid,url,empower,pos) VALUES (NULL,17,18,2,'1097',NULL,NULL,3)>
[11-Feb-2016 16:38:28]  > Could not execute query : Column 'url' cannot be null <INSERT INTO dh_menu_data (id,lft,rgt,lvl,pid,url,empower,pos) VALUES (NULL,12,13,3,'1098',NULL,NULL,0)>
[11-Feb-2016 16:39:02]  > Could not execute query : Column 'url' cannot be null <INSERT INTO dh_menu_data (id,lft,rgt,lvl,pid,url,empower,pos) VALUES (NULL,12,13,3,'1098',NULL,NULL,0)>
[11-Feb-2016 16:39:05]  > Could not execute query : Column 'url' cannot be null <INSERT INTO dh_menu_data (id,lft,rgt,lvl,pid,url,empower,pos) VALUES (NULL,17,18,2,'1097',NULL,NULL,3)>
[11-Feb-2016 16:41:47]  > Could not prepare : You have an error in your SQL syntax; check the manual that corresponds to your MySQL server version for the right syntax to use near 'FROM tree_struct s, structure d WHERE s.id = d.id AND s.' at line 4 < SELECT s.id, s.lft, s.rgt, s.lvl, s.pid, s.url, s.empower, s.pos, d. FROM tree_struct s, structure d WHERE s.id = d.id AND s.pid = 0 ORDER BY s.pos >
[11-Feb-2016 16:42:33]  > Could not execute query : Column 'url' cannot be null <INSERT INTO dh_menu_data (id,lft,rgt,lvl,pid,url,empower,pos) VALUES (NULL,18,19,1,'1',NULL,NULL,4)>
[11-Feb-2016 16:42:36]  > Could not execute query : Column 'url' cannot be null <INSERT INTO dh_menu_data (id,lft,rgt,lvl,pid,url,empower,pos) VALUES (NULL,16,17,3,'1100',NULL,NULL,0)>
[11-Feb-2016 16:42:38]  > Could not execute query : Column 'url' cannot be null <INSERT INTO dh_menu_data (id,lft,rgt,lvl,pid,url,empower,pos) VALUES (NULL,14,15,3,'1099',NULL,NULL,0)>
[11-Feb-2016 16:42:57]  > Could not execute query : Column 'url' cannot be null <INSERT INTO dh_menu_data (id,lft,rgt,lvl,pid,url,empower,pos) VALUES (NULL,16,17,3,'1100',NULL,NULL,0)>
[11-Feb-2016 16:42:59]  > Could not execute query : Column 'url' cannot be null <INSERT INTO dh_menu_data (id,lft,rgt,lvl,pid,url,empower,pos) VALUES (NULL,16,17,3,'1100',NULL,NULL,0)>
[11-Feb-2016 16:43:01]  > Could not execute query : Column 'url' cannot be null <INSERT INTO dh_menu_data (id,lft,rgt,lvl,pid,url,empower,pos) VALUES (NULL,16,17,3,'1100',NULL,NULL,0)>
[11-Feb-2016 16:43:10]  > Could not execute query : Column 'url' cannot be null <INSERT INTO dh_menu_data (id,lft,rgt,lvl,pid,url,empower,pos) VALUES (NULL,16,17,3,'1100',NULL,NULL,0)>
[11-Feb-2016 16:45:40]  > Could not execute query : Column 'url' cannot be null <INSERT INTO dh_menu_data (id,lft,rgt,lvl,pid,url,empower,pos) VALUES (NULL,16,17,3,'1100',NULL,NULL,0)>
[11-Feb-2016 16:45:47]  > Could not execute query : Column 'url' cannot be null <INSERT INTO dh_menu_data (id,lft,rgt,lvl,pid,url,empower,pos) VALUES (NULL,16,17,3,'1100',NULL,NULL,0)>
[11-Feb-2016 16:45:55]  > Could not execute query : Column 'url' cannot be null <INSERT INTO dh_menu_data (id,lft,rgt,lvl,pid,url,empower,pos) VALUES (NULL,16,17,3,'1100',NULL,NULL,0)>
[11-Feb-2016 16:46:14]  > Could not execute query : Column 'url' cannot be null <INSERT INTO dh_menu_data (id,lft,rgt,lvl,pid,url,empower,pos) VALUES (NULL,16,17,3,'1100',NULL,NULL,0)>
[11-Feb-2016 16:46:36]  > Could not execute query : Column 'url' cannot be null <INSERT INTO dh_menu_data (id,lft,rgt,lvl,pid,url,empower,pos) VALUES (NULL,16,17,3,'1100',NULL,NULL,0)>
[11-Feb-2016 16:46:47]  > Could not execute query : Column 'url' cannot be null <INSERT INTO dh_menu_data (id,lft,rgt,lvl,pid,url,empower,pos) VALUES (NULL,16,17,3,'1100',NULL,NULL,0)>
[11-Feb-2016 16:46:50]  > Could not execute query : Column 'url' cannot be null <INSERT INTO dh_menu_data (id,lft,rgt,lvl,pid,url,empower,pos) VALUES (NULL,17,18,2,'1097',NULL,NULL,3)>
[11-Feb-2016 16:47:00]  > Could not execute query : Column 'url' cannot be null <INSERT INTO dh_menu_data (id,lft,rgt,lvl,pid,url,empower,pos) VALUES (NULL,12,13,3,'1098',NULL,NULL,0)>
[11-Feb-2016 16:47:02]  > Could not execute query : Column 'url' cannot be null <INSERT INTO dh_menu_data (id,lft,rgt,lvl,pid,url,empower,pos) VALUES (NULL,14,15,3,'1099',NULL,NULL,0)>
[11-Feb-2016 16:47:05]  > Could not execute query : Column 'url' cannot be null <INSERT INTO dh_menu_data (id,lft,rgt,lvl,pid,url,empower,pos) VALUES (NULL,17,18,2,'1097',NULL,NULL,3)>
[11-Feb-2016 16:52:15]  > Could not execute query : Column 'url' cannot be null <INSERT INTO dh_menu_data (id,lft,rgt,lvl,pid,url,empower,pos) VALUES (NULL,17,18,2,'1097',NULL,NULL,3)>
[11-Feb-2016 16:53:01]  > Could not execute query : Column 'url' cannot be null <INSERT INTO dh_menu_data (id,lft,rgt,lvl,pid,url,empower,pos) VALUES (NULL,17,18,2,'1097',NULL,NULL,3)>
[11-Feb-2016 16:53:32]  > Could not execute query : Column 'url' cannot be null <INSERT INTO dh_menu_data (id,lft,rgt,lvl,pid,url,empower,pos) VALUES (NULL,17,18,2,'1097',NULL,NULL,3)>
[11-Feb-2016 16:53:55]  > Could not execute query : Column 'url' cannot be null <INSERT INTO dh_menu_data (id,lft,rgt,lvl,pid,url,empower,pos) VALUES (NULL,12,13,3,'1098',NULL,NULL,0)>
[11-Feb-2016 16:56:51]  > Could not execute query : Column 'url' cannot be null <INSERT INTO dh_menu_data (id,lft,rgt,lvl,pid,pos,url) VALUES (NULL,17,18,2,'1097',3,NULL)>
[11-Feb-2016 16:58:01]  > Could not execute query : Column 'empower' cannot be null <INSERT INTO dh_menu_data (id,lft,rgt,lvl,pid,pos,empower) VALUES (NULL,16,17,3,'1100',0,NULL)>
[17-Feb-2016 09:56:28]  > Could not execute query : Unknown column 's.sgm' in 'field list' < SELECT s.id, s.lft, s.rgt, s.lvl, s.pid, s.pos, s.empower, s.url, s.sgm, d.nm FROM dh_menu_data s, dh_menu d WHERE s.id = d.id AND s.pid = 0 ORDER BY s.pos >
[19-Feb-2016 16:42:37]  > Could not execute query : Column 'cls' cannot be null <INSERT INTO dh_menu_data (id,lft,rgt,lvl,pid,pos,empower,url,sgm,cls) VALUES (NULL,53,54,2,'1130',7,'2','YC4237',1,NULL)>
